


 $$$$$         $     $                             $    $$$    $$$ 
 $             $                                  $$   $   $  $   $
 $       $$$   $     $   $$$$    $$$     $$$       $   $   $  $   $
 $$$$   $   $  $     $   $   $  $       $   $      $   $   $  $   $
 $      $      $     $   $   $   $$$    $$$$       $   $   $  $   $
 $      $   $  $     $   $   $      $   $          $   $   $  $   $
 $$$$$   $$$    $$   $   $$$$    $$$     $$$      $$$   $$$    $$$ 
                         $                                         
                         $                                         



                       $$$$$         $     $                             $    $$$    $$$ 
                       $             $                                  $$   $   $  $   $
                       $       $$$   $     $   $$$$    $$$     $$$       $   $   $  $   $
                       $$$$   $   $  $     $   $   $  $       $   $      $   $   $  $   $
                       $      $      $     $   $   $   $$$    $$$$       $   $   $  $   $
                       $      $   $  $     $   $   $      $   $          $   $   $  $   $
                       $$$$$   $$$    $$   $   $$$$    $$$     $$$      $$$   $$$    $$$ 
                                               $                                         
                                               $                                         



                                             $$$$$         $     $                             $    $$$    $$$ 
                                             $             $                                  $$   $   $  $   $
                                             $       $$$   $     $   $$$$    $$$     $$$       $   $   $  $   $
                                             $$$$   $   $  $     $   $   $  $       $   $      $   $   $  $   $
                                             $      $      $     $   $   $   $$$    $$$$       $   $   $  $   $
                                             $      $   $  $     $   $   $      $   $          $   $   $  $   $
                                             $$$$$   $$$    $$   $   $$$$    $$$     $$$      $$$   $$$    $$$ 
                                                                     $                                         
                                                                     $                                         



                                                                   $$$$$         $     $                             $    $$$    $$$ 
                                                                   $             $                                  $$   $   $  $   $
                                                                   $       $$$   $     $   $$$$    $$$     $$$       $   $   $  $   $
                                                                   $$$$   $   $  $     $   $   $  $       $   $      $   $   $  $   $
                                                                   $      $      $     $   $   $   $$$    $$$$       $   $   $  $   $
                                                                   $      $   $  $     $   $   $      $   $          $   $   $  $   $
                                                                   $$$$$   $$$    $$   $   $$$$    $$$     $$$      $$$   $$$    $$$ 
                                                                                           $                                         
                                                                                           $                                         

Proprietary Notice
This application contains the confidential and proprietary trade secrets of SLB and may not be copied or stored in an
information retrieval system, transferred, used, distributed, translated, or retransmitted in any form or by any means, electronic
or mechanical, in whole or in part, without the express written permission of the copyright owner.

Eclipse is a mark of SLB. Copyright (c) 1981-2024 SLB. All rights reserved.

Version =  2024.4  
Arch    =  PC WINDOWS (64 bit, PC_IFX24VS143_OPT)

Annex    | Modification date    | Update date          | Baseline     | Build       | Hash                 
=====    | =================    | ===========          | ========     | =====       | ====                      
Eclipse  | 09-DEC-2024 10:38:45 | 09-DEC-2024 10:11:52 | 2024.4       | 20241209.1  | 5b1efde8a7a-(branch: 2024.4)
petlast  | 09-DEC-2024 10:38:45 | 09-DEC-2024 10:11:52 | 2024.4       | 20241209.1  | 5b1efde8a7a-(branch: 2024.4)
system   | 09-DEC-2024 10:38:46 | 09-DEC-2024 10:11:52 | 2024.4       | 20241209.1  | 5b1efde8a7a-(branch: 2024.4)
tpb      | 09-DEC-2024 10:38:45 | 09-DEC-2024 10:11:52 | 2024.4       | 20241209.1  | 5b1efde8a7a-(branch: 2024.4)
utility  | 09-DEC-2024 10:38:46 | 09-DEC-2024 10:11:52 | 2024.4       | 20241209.1  | 5b1efde8a7a-(branch: 2024.4)
 

1

 ******** ECHO OF INPUT DATA FOR RUN ECLIPSE
 RUN ON 27/03/2025 AT 13:27:02 VERSION 2024.4  

 0: ------------------------------------------------------------------------
 0: -->This is the first SPE comparison problem, reported by Odeh
 0: ------------------------------------------------------------------------
 0: RUNSPEC
 0: TITLE
 0:    ODEH PROBLEM - IMPLICIT OPTION
 0: 
 0: DIMENS
 0: 21 21 1  /
 0: 
 0: OIL
 0: 
 0: WATER
 0: 
 0: FIELD
 0: 
 0: EQLDIMS
 0:     1  100   10    1    1 /
 0: 
 0: TABDIMS
 0:     1    1   16   12    1   12 /
 0: 
 0: WELLDIMS
 0:     2    1    1    2 /
 0: 
 0: NUPCOL
 0:     4 /
 0: 
 0: LGR
 0: 100 100 /
 0: 
 0: 
 0: START
 0:   1 'JAN' 2000  /
 0: 
 0: NSTACK
 0:    24 /
 0: 
 0: GRID    ================================================================
 0: 
 0: GRIDFILE
 0: 2 /
 0: 
 0: INIT
 0: 
 0: DX
 0: 441*50   /
 0: DY
 0: 441*50   /
 0: DZ
 0: 441*10  /
 0: PORO
 0: 441*0.2 /
 0: TOPS
 0: 441*5000 /
 0: PERMX
 0: 441*1.0 /
 0: COPY
 0: 'PERMX'    'PERMY'   /
 0: 'PERMX'    'PERMZ'   /
 0: /
 0: 
 0: ACTNUM
 0: 441*1
 0: /
 0: 
 0: --INCLUDE
 0: --'NNC.DAT'
 0: --/
 0: 
 0: EDIT
 0: 
 0: 
 0: PROPS    ===============================================================
 0: -------- THE PROPS SECTION DEFINES THE REL. PERMEABILITIES, CAPILLARY
 0: -------- PRESSURES, AND THE PVT PROPERTIES OF THE RESERVOIR FLUIDS
 0: ----------------------------------------------------------------------
 0: 
 0: SWFN
 0:     0.0 0.0 0.0
 0:     1.0 1.0 0.0
 0: /
 0: 
 0: 
 0: SOF2
 0:    0.0 0.0
 0:    1.0 1.0
 0: /
 0: 
 0: 
 0: PVTW
 0:   .0000000   1.00000    3.03E-06    .50000    0.00E-01 /
 0: 
 0: PVDO
 0:   .00000 1.00000 2.00000
 0:  8000.00  .99000 2.00000
 0: /
 0: 
 0: ROCK
 0:  4000.00        .30E-05 /
 0: 
 0: DENSITY
 0:  52.0000  64.0000   .04400 /
 0: 
 0: 
 0: REGIONS ===============================================================
 0: 
 0: SATNUM
 0: 441*1
 0: /
 0: 
 0: SOLUTION ===============================================================
 0: 
 0: PRESSURE
 0: 441*3000.0
 0: /
 0: 
 0: SWAT
 0: 441*0.10 /
 0: 
 0: RPTRST
 0: BASIC=2 FLOWS PRESSURE ALLPROPS /
 0: 
 0: SUMMARY  ===============================================================
 0: 
 0: FOPR
 0: FWPR
 0: FPR
 0: FWCT
 0: FOPT
 0: FWPT
 0: CVFR
 0: */
 0: /
 0: 
 0: 
 0: SCHEDULE ===============================================================
 0: 
 0: RPTRST
 0: BASIC=2 FLOWS PRESSURE ALLPROPS /
 0: 
 0: RPTSCHED
 0: 'FLOWAT=3' 'FLOOIL=3' /
 0: 
 0: WELSPECS
 0: 'INJ' 'FLD'   1   1  1* 'WATER'  /
 0: 'PRD' 'FLD'  21  21  1* 'OIL'  /
 0: /
 0: 
 0: COMPDAT
 0: 'INJ'  1  1 1 1  'OPEN' 2*   0.5  /
 0: 'PRD' 21 21 1 1  'OPEN' 2*   0.5  /
 0: /
 0: 
 0: WCONINJE
 0: 'INJ' 'WAT' 'OPEN' 'RATE'  1000 /
 0: /
 0: 
 0: WCONPROD
 0: 'PRD' 'OPEN' 'LRAT' 3* 1000 /
 0: /
 0: 
 0: TSTEP
 0: 100.0
 0: /
 0: 
 0: END
 0: 

 ******** END OF INPUT DATA FOR RUN ECLIPSE
     1 READING RUNSPEC 
     2 READING TITLE   
     3 READING DIMENS  
     4 READING OIL     
     5 READING WATER   
     6 READING FIELD   
     7 READING EQLDIMS 
     8 READING TABDIMS 
     9 READING WELLDIMS
    10 READING NUPCOL  
    11 READING LGR     
    12 READING START   
    13 READING NSTACK  
    14 READING GRID    

 @--MESSAGE  AT TIME        0.0   DAYS    ( 1-JAN-2000):
 @           CHECKING FOR LICENSES                                           

 @--MESSAGE  AT TIME        0.0   DAYS    ( 1-JAN-2000):
 @           ECLIPSE SPECIAL OPTIONS CHECKED OUT:                            
 @           lgr                                                             

 @--MESSAGE  AT TIME        0.0   DAYS    ( 1-JAN-2000):
 @           CHECKING FOR LICENSES                                           

 @--MESSAGE  AT TIME        0.0   DAYS    ( 1-JAN-2000):
 @           ECLIPSE LICENSE CHECKED OUT                                     

 @--MESSAGE  AT TIME        0.0   DAYS    ( 1-JAN-2000):
 @           THE MEMORY REQUIRED TO PROCESS THE GRID SECTION IS              
 @                25219 KBYTES                                               
    15 READING GRIDFILE
    16 READING INIT    
    17 READING DX      
    18 READING DY      
    19 READING DZ      
    20 READING PORO    
    21 READING TOPS    
    22 READING PERMX   
    23 READING COPY    
    24 READING ACTNUM  
    25 READING EDIT    

 @--MESSAGE  AT TIME        0.0   DAYS    ( 1-JAN-2000):
 @           NEITHER OLDTRAN,OLDTRANR NOR NEWTRAN SPECIFIED                  
 @           BLOCK CENTRE TRANSMISSIBILITIES TO BE CALCULATED                
 @           USING  OLDTRAN                                                  
    26 READING PROPS   

 @--COMMENT  AT TIME        0.0   DAYS    ( 1-JAN-2000):
 @           NO NON-NEIGHBOUR CONNECTIONS IN GLOBAL GRID                     

 @--MESSAGE  AT TIME        0.0   DAYS    ( 1-JAN-2000):
 @           NUMBER OF ACTIVE GLOBAL CELLS IS 441                            
 @           NUMBER OF ACTIVE  LOCAL CELLS IS 0                              
 @            TOTAL NUMBER OF ACTIVE CELLS IS 441                            

 @--MESSAGE  AT TIME        0.0   DAYS    ( 1-JAN-2000):
 @           THE MEMORY REQUIRED TO PROCESS THE SOLUTION SECTION IS          
 @                 7270 KBYTES                                               

 @--MESSAGE  AT TIME        0.0   DAYS    ( 1-JAN-2000):
 @              63868 CHARACTER VARIABLES USED                               
    27 READING SWFN    
    28 READING SOF2    
    29 READING PVTW    
    30 READING PVDO    
    31 READING ROCK    
    32 READING DENSITY 
    33 READING REGIONS 
    34 READING SATNUM  
    35 READING SOLUTION
    36 READING PRESSURE
    37 READING SWAT    
    38 READING RPTRST  
    39 READING SUMMARY 
    40 READING FOPR    
    41 READING FWPR    
    42 READING FPR     
    43 READING FWCT    
    44 READING FOPT    
    45 READING FWPT    
    46 READING CVFR    
    47 READING SCHEDULE
    48 READING RPTRST  
    49 READING RPTSCHED
    50 READING WELSPECS
    51 READING COMPDAT 
    52 READING WCONINJE

 @--WARNING  AT TIME        0.0   DAYS    ( 1-JAN-2000):
 @           THE BOTTOM HOLE PRESSURE LIMIT FOR WELL INJ                     
 @           HAS BEEN DEFAULTED. THE DEFAULT VALUE IS  100000.   PSIA        

 @--MESSAGE  AT TIME        0.0   DAYS    ( 1-JAN-2000):
 @           OPENING WELL INJ      AT TIME      0.00   DAYS                  
 @           CONTROLLED BY WATER RATE                                        
    53 READING WCONPROD

 @--WARNING  AT TIME        0.0   DAYS    ( 1-JAN-2000):
 @           THE BOTTOM HOLE PRESSURE LIMIT FOR WELL PRD                     
 @           HAS BEEN DEFAULTED.  THE DEFAULT VALUE IS                       
 @               14.7   PSIA                                                 

 @--MESSAGE  AT TIME        0.0   DAYS    ( 1-JAN-2000):
 @           OPENING WELL PRD      AT TIME      0.00   DAYS                  
 @           CONTROLLED BY LIQUID RATE                                       
    54 READING TSTEP   

 @--MESSAGE  AT TIME        0.0   DAYS    ( 1-JAN-2000):
 @           RESTART FILE WRITTEN   REPORT     0                             
 @           RESTART INCLUDES INTERBLOCK FLOWS                               
 @                            WATER AND GAS PHASE PRESSURES                  
1                             **********************************************************************   1
  SIMULATE AT      0.00  DAYS *   ODEH PROBLEM - IMPLICIT OPTION                                       * ECLIPSE  VERSION 2024.4     
  REPORT   0     1 JAN 2000   *  RUN                                                                   * RUN AT 13:27 ON 27 MAR 2025 
                              **************************************************************************

 @--MESSAGE  AT TIME        0.0   DAYS    ( 1-JAN-2000):
 @           ******************************************                      
 @           * WELL PRD      HAS CHANGED TO           *                      
 @           * CONTROL BY BOTTOM HOLE PRESSURE        *                      
 @           * FROM TIME      0.00   DAYS  .          *                      
 @           ******************************************                      

 STEP    1 TIME=      1.00  DAYS (    +1.0  DAYS INIT 11 ITS) (2-JAN-2000)       
  PAV=  3440.4  PSIA   WCT=0.306 GOR= 0.00000  MSCF/STB WGR= 0.00000  STB/MSCF   

 STEP    2 TIME=      1.55  DAYS (   +13.2 HOURS TRNC  3 ITS) (2-JAN-2000)       
  PAV=  3654.2  PSIA   WCT=0.305 GOR= 0.00000  MSCF/STB WGR= 0.00000  STB/MSCF   

 @--MESSAGE  AT TIME        1.6   DAYS    ( 2-JAN-2000):
 @           ******************************************                      
 @           * WELL INJ      HAS CHANGED TO           *                      
 @           * CONTROL BY BOTTOM HOLE PRESSURE        *                      
 @           * FROM TIME      1.55   DAYS  .          *                      
 @           ******************************************                      

 STEP    3 TIME=      2.14  DAYS (   +14.1 HOURS TRNC  3 ITS) (3-JAN-2000)       
  PAV=  3876.8  PSIA   WCT=0.305 GOR= 0.00000  MSCF/STB WGR= 0.00000  STB/MSCF   

 STEP    4 TIME=      3.19  DAYS (    +1.1  DAYS TRNC  3 ITS) (4-JAN-2000)       
  PAV=  4265.5  PSIA   WCT=0.305 GOR= 0.00000  MSCF/STB WGR= 0.00000  STB/MSCF   

 STEP    5 TIME=      4.81  DAYS (    +1.6  DAYS TRNC  3 ITS) (5-JAN-2000)       
  PAV=  4842.6  PSIA   WCT=0.305 GOR= 0.00000  MSCF/STB WGR= 0.00000  STB/MSCF   

 STEP    6 TIME=      7.24  DAYS (    +2.4  DAYS TRNC  3 ITS) (8-JAN-2000)       
  PAV=  5688.8  PSIA   WCT=0.305 GOR= 0.00000  MSCF/STB WGR= 0.00000  STB/MSCF   

 STEP    7 TIME=     10.83  DAYS (    +3.6  DAYS TRNC  3 ITS) (11-JAN-2000)      
  PAV=  6900.1  PSIA   WCT=0.305 GOR= 0.00000  MSCF/STB WGR= 0.00000  STB/MSCF   

 STEP    8 TIME=     16.10  DAYS (    +5.3  DAYS TRNC  3 ITS) (17-JAN-2000)      
  PAV=  8644.6  PSIA   WCT=0.305 GOR= 0.00000  MSCF/STB WGR= 0.00000  STB/MSCF   

 STEP    9 TIME=     23.98  DAYS (    +7.9  DAYS TRNC  4 ITS) (24-JAN-2000)      
  PAV= 11191.5  PSIA   WCT=0.305 GOR= 0.00000  MSCF/STB WGR= 0.00000  STB/MSCF   

 STEP   10 TIME=     34.94  DAYS (   +11.0  DAYS TRNC  4 ITS) (4-FEB-2000)       
  PAV= 14638.7  PSIA   WCT=0.307 GOR= 0.00000  MSCF/STB WGR= 0.00000  STB/MSCF   

 STEP   11 TIME=     50.49  DAYS (   +15.5  DAYS TRNC  4 ITS) (20-FEB-2000)      
  PAV= 19294.3  PSIA   WCT=0.311 GOR= 0.00000  MSCF/STB WGR= 0.00000  STB/MSCF   

 STEP   12 TIME=     72.32  DAYS (   +21.8  DAYS TRNC  4 ITS) (13-MAR-2000)      
  PAV= 25275.8  PSIA   WCT=0.320 GOR= 0.00000  MSCF/STB WGR= 0.00000  STB/MSCF   

 STEP   13 TIME=    100.00  DAYS (   +27.7  DAYS REPT  3 ITS) (10-APR-2000)      
  PAV= 31884.0  PSIA   WCT=0.335 GOR= 0.00000  MSCF/STB WGR= 0.00000  STB/MSCF   
1                             **********************************************************************   2
  FLOOILI+ AT    100.00  DAYS *   ODEH PROBLEM - IMPLICIT OPTION                                       * ECLIPSE  VERSION 2024.4     
  REPORT   1    10 APR 2000   *  RUN                                                                   * RUN AT 13:27 ON 27 MAR 2025 
                              **************************************************************************

 UNITS  STB/DAY        

 MINIMUM VALUE =   0.00    AT ( 21,  1,  1)     MAXIMUM VALUE =  24.64    AT ( 20, 21,  1)                                           

 (I,  J,  K) I=  1       2       3       4       5       6       7       8       9      10      11      12      13      14      15

 (*,  1,  1)   0*02    0.37    1.53    3.41    5.45    7.29    8.74    9.79   10.45   10.76   10.74   10.42    9.83    9.01    8.00  
 (*,  2,  1)   0.24    1.05    2.59    4.50    6.38    7.98    9.23   10.11   10.65   10.86   10.77   10.40    9.79    8.95    7.93  
 (*,  3,  1)   0.66    1.88    3.57    5.39    7.07    8.46    9.53   10.27   10.69   10.83   10.68   10.28    9.64    8.80    7.78  
 (*,  4,  1)   1.04    2.50    4.22    5.92    7.43    8.67    9.60   10.24   10.59   10.66   10.47   10.05    9.40    8.56    7.56  
 (*,  5,  1)   1.29    2.85    4.53    6.12    7.51    8.64    9.48   10.04   10.34   10.37   10.16    9.72    9.08    8.26    7.29  
 (*,  6,  1)   1.42    3.00    4.60    6.09    7.38    8.42    9.20    9.71    9.97    9.98    9.76    9.32    8.69    7.90    6.97  
 (*,  7,  1)   1.47    3.01    4.52    5.92    7.11    8.08    8.80    9.27    9.50    9.50    9.28    8.86    8.26    7.50    6.62  
 (*,  8,  1)   1.46    2.93    4.36    5.65    6.76    7.66    8.33    8.77    8.98    8.97    8.76    8.36    7.80    7.09    6.26  
 (*,  9,  1)   1.41    2.81    4.13    5.33    6.36    7.19    7.81    8.22    8.42    8.41    8.22    7.85    7.33    6.67    5.90  
 (*, 10,  1)   1.35    2.65    3.88    4.98    5.93    6.70    7.27    7.66    7.84    7.84    7.67    7.34    6.87    6.27    5.57  
 (*, 11,  1)   1.26    2.48    3.61    4.62    5.49    6.20    6.73    7.09    7.27    7.29    7.14    6.85    6.44    5.90    5.27  
 (*, 12,  1)   1.17    2.29    3.33    4.26    5.06    5.71    6.21    6.55    6.73    6.76    6.65    6.41    6.05    5.59    5.02  
 (*, 13,  1)   1.08    2.10    3.05    3.90    4.64    5.24    5.71    6.03    6.22    6.28    6.21    6.02    5.73    5.33    4.84  
 (*, 14,  1)   0.98    1.92    2.79    3.57    4.25    4.81    5.25    5.57    5.77    5.85    5.83    5.70    5.48    5.16    4.75  
 (*, 15,  1)   0.90    1.75    2.55    3.26    3.89    4.42    4.84    5.16    5.37    5.49    5.51    5.45    5.30    5.07    4.75  
 (*, 16,  1)   0.82    1.60    2.33    2.99    3.58    4.08    4.49    4.81    5.04    5.20    5.27    5.28    5.21    5.08    4.86  
 (*, 17,  1)   0.75    1.46    2.14    2.76    3.31    3.79    4.20    4.53    4.78    4.97    5.10    5.17    5.19    5.17    5.08  
 (*, 18,  1)   0.69    1.36    1.99    2.57    3.10    3.57    3.97    4.30    4.58    4.81    4.98    5.12    5.24    5.33    5.40  
 (*, 19,  1)   0.65    1.28    1.88    2.43    2.94    3.40    3.80    4.14    4.44    4.69    4.91    5.12    5.32    5.53    5.79  
 (*, 20,  1)   0.62    1.22    1.80    2.34    2.84    3.29    3.69    4.04    4.35    4.63    4.88    5.13    5.40    5.72    6.15  
 (*, 21,  1)   0.60    1.20    1.76    2.30    2.79    3.24    3.64    3.99    4.31    4.59    4.87    5.14    5.45    5.84    6.38  

 (I,  J,  K) I= 16      17      18      19      20      21

 (*,  1,  1)   6.83    5.55    4.20    2.81    1.41    0.00  
 (*,  2,  1)   6.76    5.49    4.16    2.78    1.40    0.00  
 (*,  3,  1)   6.63    5.38    4.07    2.73    1.37    0.00  
 (*,  4,  1)   6.44    5.23    3.96    2.65    1.33    0.00  
 (*,  5,  1)   6.20    5.03    3.81    2.56    1.28    0.00  
 (*,  6,  1)   5.93    4.82    3.65    2.45    1.23    0.00  
 (*,  7,  1)   5.64    4.58    3.48    2.33    1.17    0.00  
 (*,  8,  1)   5.34    4.35    3.30    2.22    1.12    0.00  
 (*,  9,  1)   5.05    4.12    3.14    2.11    1.06    0.00  
 (*, 10,  1)   4.78    3.91    2.99    2.02    1.02    0.00  
 (*, 11,  1)   4.54    3.74    2.87    1.95    0.99    0.00  
 (*, 12,  1)   4.37    3.62    2.80    1.91    0.97    0.00  
 (*, 13,  1)   4.26    3.57    2.79    1.92    0.98    0.00  
 (*, 14,  1)   4.24    3.61    2.87    2.01    1.04    0.00  
 (*, 15,  1)   4.33    3.77    3.07    2.20    1.15    0.00  
 (*, 16,  1)   4.55    4.09    3.45    2.56    1.38    0.00  
 (*, 17,  1)   4.92    4.62    4.09    3.21    1.83    0.00  
 (*, 18,  1)   5.44    5.39    5.12    4.36    2.73    0.00  
 (*, 19,  1)   6.09    6.42    6.66    6.43    4.74    0.00  
 (*, 20,  1)   6.74    7.58    8.72    9.99    9.82    0.00  
 (*, 21,  1)   7.19    8.48   10.74   15.08   24.64    0*00  
1                             **********************************************************************   3
  FLOOILJ+ AT    100.00  DAYS *   ODEH PROBLEM - IMPLICIT OPTION                                       * ECLIPSE  VERSION 2024.4     
  REPORT   1    10 APR 2000   *  RUN                                                                   * RUN AT 13:27 ON 27 MAR 2025 
                              **************************************************************************

 UNITS  STB/DAY        

 MINIMUM VALUE =   0.00    AT (  1, 21,  1)     MAXIMUM VALUE =  24.64    AT ( 21, 20,  1)                                           

 (I,  J,  K) I=  1       2       3       4       5       6       7       8       9      10      11      12      13      14      15

 (*,  1,  1)   0*02    0.24    0.66    1.04    1.29    1.42    1.47    1.46    1.41    1.35    1.26    1.17    1.08    0.98    0.90  
 (*,  2,  1)   0.37    1.05    1.88    2.50    2.85    3.00    3.01    2.93    2.81    2.65    2.48    2.29    2.10    1.92    1.75  
 (*,  3,  1)   1.53    2.59    3.57    4.22    4.53    4.60    4.52    4.36    4.13    3.88    3.61    3.33    3.05    2.79    2.55  
 (*,  4,  1)   3.41    4.50    5.39    5.92    6.12    6.09    5.92    5.65    5.33    4.98    4.62    4.26    3.90    3.57    3.26  
 (*,  5,  1)   5.45    6.38    7.07    7.43    7.51    7.38    7.11    6.76    6.36    5.93    5.49    5.06    4.64    4.25    3.89  
 (*,  6,  1)   7.29    7.98    8.46    8.67    8.64    8.42    8.08    7.66    7.19    6.70    6.20    5.71    5.24    4.81    4.42  
 (*,  7,  1)   8.74    9.23    9.53    9.60    9.48    9.20    8.80    8.33    7.81    7.27    6.73    6.21    5.71    5.25    4.84  
 (*,  8,  1)   9.79   10.11   10.27   10.24   10.04    9.71    9.27    8.77    8.22    7.66    7.09    6.55    6.03    5.57    5.16  
 (*,  9,  1)  10.45   10.65   10.69   10.59   10.34    9.97    9.50    8.98    8.42    7.84    7.27    6.73    6.22    5.77    5.37  
 (*, 10,  1)  10.76   10.86   10.83   10.66   10.37    9.98    9.50    8.97    8.41    7.84    7.29    6.76    6.28    5.85    5.49  
 (*, 11,  1)  10.74   10.77   10.68   10.47   10.16    9.76    9.28    8.76    8.22    7.67    7.14    6.65    6.21    5.83    5.51  
 (*, 12,  1)  10.42   10.40   10.28   10.05    9.72    9.32    8.86    8.36    7.85    7.34    6.85    6.41    6.02    5.70    5.45  
 (*, 13,  1)   9.83    9.79    9.64    9.40    9.08    8.69    8.26    7.80    7.32    6.87    6.44    6.05    5.73    5.48    5.30  
 (*, 14,  1)   9.01    8.95    8.80    8.56    8.26    7.90    7.50    7.09    6.67    6.27    5.90    5.59    5.33    5.16    5.07  
 (*, 15,  1)   7.99    7.93    7.78    7.56    7.29    6.97    6.62    6.26    5.90    5.57    5.27    5.02    4.84    4.75    4.75  
 (*, 16,  1)   6.83    6.76    6.63    6.44    6.20    5.93    5.64    5.34    5.05    4.78    4.55    4.37    4.26    4.24    4.33  
 (*, 17,  1)   5.55    5.49    5.38    5.23    5.03    4.82    4.58    4.35    4.12    3.91    3.74    3.62    3.57    3.61    3.77  
 (*, 18,  1)   4.20    4.16    4.07    3.96    3.81    3.65    3.48    3.30    3.14    2.99    2.87    2.80    2.79    2.87    3.07  
 (*, 19,  1)   2.81    2.78    2.73    2.65    2.56    2.45    2.33    2.22    2.11    2.02    1.95    1.91    1.93    2.01    2.20  
 (*, 20,  1)   1.41    1.40    1.37    1.33    1.28    1.23    1.17    1.12    1.06    1.02    0.99    0.97    0.98    1.04    1.15  
 (*, 21,  1)   0.00    0.00    0.00    0.00    0.00    0.00    0.00    0.00    0.00    0.00    0.00    0.00    0.00    0.00    0.00  

 (I,  J,  K) I= 16      17      18      19      20      21

 (*,  1,  1)   0.81    0.75    0.69    0.65    0.62    0.60  
 (*,  2,  1)   1.60    1.46    1.36    1.28    1.22    1.20  
 (*,  3,  1)   2.33    2.14    1.99    1.88    1.80    1.76  
 (*,  4,  1)   2.99    2.76    2.57    2.43    2.34    2.30  
 (*,  5,  1)   3.58    3.31    3.10    2.94    2.84    2.79  
 (*,  6,  1)   4.08    3.79    3.57    3.40    3.29    3.23  
 (*,  7,  1)   4.49    4.20    3.97    3.80    3.69    3.63  
 (*,  8,  1)   4.81    4.53    4.30    4.14    4.04    3.99  
 (*,  9,  1)   5.04    4.78    4.58    4.44    4.35    4.31  
 (*, 10,  1)   5.20    4.97    4.80    4.69    4.63    4.59  
 (*, 11,  1)   5.27    5.10    4.98    4.91    4.88    4.87  
 (*, 12,  1)   5.28    5.17    5.12    5.12    5.13    5.14  
 (*, 13,  1)   5.21    5.19    5.24    5.32    5.40    5.45  
 (*, 14,  1)   5.08    5.17    5.33    5.53    5.72    5.84  
 (*, 15,  1)   4.86    5.08    5.40    5.79    6.15    6.38  
 (*, 16,  1)   4.55    4.92    5.44    6.09    6.74    7.19  
 (*, 17,  1)   4.09    4.62    5.39    6.42    7.58    8.48  
 (*, 18,  1)   3.45    4.09    5.12    6.66    8.72   10.74  
 (*, 19,  1)   2.56    3.21    4.36    6.43    9.99   15.08  
 (*, 20,  1)   1.38    1.83    2.73    4.74    9.82   24.64  
 (*, 21,  1)   0.00    0.00    0.00    0.00    0.00    0*00  
1                             **********************************************************************   4
  FLOWATI+ AT    100.00  DAYS *   ODEH PROBLEM - IMPLICIT OPTION                                       * ECLIPSE  VERSION 2024.4     
  REPORT   1    10 APR 2000   *  RUN                                                                   * RUN AT 13:27 ON 27 MAR 2025 
                              **************************************************************************

 UNITS  STB/DAY        

 MINIMUM VALUE =    0.0    AT ( 21,  1,  1)     MAXIMUM VALUE =  301.4    AT (  1,  1,  1)                                           

 (I,  J,  K) I=  1       2       3       4       5       6       7       8       9      10      11      12      13      14      15

 (*,  1,  1)  301*4   182.3   125.6    93.1    71.6    56.2    44.5    35.4    28.2    22.4    17.8    14.0    11.0     8.5     6.6  
 (*,  2,  1)  118.0   116.8    96.8    77.6    62.1    49.8    40.1    32.4    26.1    20.9    16.7    13.3    10.5     8.2     6.4  
 (*,  3,  1)   54.0    70.3    68.0    59.7    50.5    42.1    34.8    28.6    23.4    19.0    15.4    12.3     9.8     7.8     6.1  
 (*,  4,  1)   28.5    43.2    46.7    44.4    39.7    34.4    29.3    24.6    20.5    16.9    13.8    11.3     9.1     7.3     5.8  
 (*,  5,  1)   16.9    27.8    32.4    32.7    30.7    27.6    24.2    20.8    17.6    14.8    12.3    10.1     8.3     6.7     5.4  
 (*,  6,  1)   10.9    18.7    22.9    24.2    23.6    21.9    19.7    17.3    15.0    12.8    10.8     9.0     7.5     6.1     5.0  
 (*,  7,  1)    7.5    13.1    16.5    18.0    18.1    17.3    16.0    14.3    12.6    11.0     9.4     8.0     6.7     5.6     4.6  
 (*,  8,  1)    5.3     9.4    12.1    13.6    14.0    13.7    12.9    11.8    10.6     9.3     8.1     7.0     6.0     5.0     4.2  
 (*,  9,  1)    3.8     6.9     9.0    10.3    10.9    10.8    10.4     9.7     8.8     7.9     7.0     6.2     5.3     4.6     3.8  
 (*, 10,  1)    2.8     5.1     6.8     7.9     8.5     8.6     8.4     8.0     7.4     6.8     6.1     5.4     4.8     4.1     3.5  
 (*, 11,  1)    2.1     3.8     5.2     6.1     6.6     6.9     6.8     6.6     6.2     5.8     5.3     4.8     4.3     3.8     3.2  
 (*, 12,  1)    1.6     2.9     4.0     4.8     5.3     5.5     5.6     5.5     5.3     5.0     4.6     4.3     3.9     3.5     3.0  
 (*, 13,  1)    1.2     2.3     3.1     3.8     4.2     4.5     4.6     4.6     4.5     4.4     4.1     3.9     3.6     3.2     2.9  
 (*, 14,  1)    0.9     1.8     2.5     3.0     3.4     3.7     3.9     4.0     3.9     3.9     3.7     3.5     3.3     3.0     2.8  
 (*, 15,  1)    0.7     1.4     2.0     2.5     2.9     3.1     3.3     3.4     3.5     3.5     3.4     3.3     3.1     2.9     2.7  
 (*, 16,  1)    0.6     1.2     1.7     2.1     2.4     2.7     2.9     3.1     3.1     3.2     3.2     3.1     3.0     2.9     2.7  
 (*, 17,  1)    0.5     1.0     1.4     1.8     2.1     2.4     2.6     2.8     2.9     3.0     3.0     3.0     3.0     2.9     2.8  
 (*, 18,  1)    0.4     0.9     1.2     1.6     1.9     2.2     2.4     2.6     2.7     2.8     2.9     2.9     2.9     3.0     3.0  
 (*, 19,  1)    0.4     0.8     1.1     1.5     1.8     2.0     2.2     2.4     2.6     2.7     2.8     2.9     3.0     3.0     3.1  
 (*, 20,  1)    0.4     0.7     1.1     1.4     1.7     1.9     2.1     2.3     2.5     2.6     2.7     2.9     3.0     3.1     3.3  
 (*, 21,  1)    0.4     0.7     1.0     1.3     1.6     1.9     2.1     2.3     2.5     2.6     2.7     2.9     3.0     3.2     3.4  

 (I,  J,  K) I= 16      17      18      19      20      21

 (*,  1,  1)    5.0     3.8     2.7     1.7     0.8     0.0  
 (*,  2,  1)    4.9     3.7     2.6     1.7     0.8     0.0  
 (*,  3,  1)    4.7     3.6     2.6     1.7     0.8     0.0  
 (*,  4,  1)    4.5     3.4     2.5     1.6     0.8     0.0  
 (*,  5,  1)    4.2     3.2     2.3     1.5     0.8     0.0  
 (*,  6,  1)    3.9     3.0     2.2     1.5     0.7     0.0  
 (*,  7,  1)    3.7     2.9     2.1     1.4     0.7     0.0  
 (*,  8,  1)    3.4     2.7     2.0     1.3     0.6     0.0  
 (*,  9,  1)    3.1     2.5     1.8     1.2     0.6     0.0  
 (*, 10,  1)    2.9     2.3     1.7     1.2     0.6     0.0  
 (*, 11,  1)    2.7     2.2     1.7     1.1     0.6     0.0  
 (*, 12,  1)    2.6     2.1     1.6     1.1     0.5     0.0  
 (*, 13,  1)    2.5     2.0     1.6     1.1     0.5     0.0  
 (*, 14,  1)    2.4     2.0     1.6     1.1     0.6     0.0  
 (*, 15,  1)    2.4     2.1     1.7     1.2     0.6     0.0  
 (*, 16,  1)    2.5     2.2     1.9     1.4     0.7     0.0  
 (*, 17,  1)    2.7     2.5     2.2     1.7     1.0     0.0  
 (*, 18,  1)    3.0     2.9     2.7     2.3     1.4     0.0  
 (*, 19,  1)    3.3     3.4     3.5     3.4     2.4     0.0  
 (*, 20,  1)    3.6     4.0     4.6     5.2     5.0     0.0  
 (*, 21,  1)    3.8     4.5     5.6     7.7    12.5     0*0  
1                             **********************************************************************   5
  FLOWATJ+ AT    100.00  DAYS *   ODEH PROBLEM - IMPLICIT OPTION                                       * ECLIPSE  VERSION 2024.4     
  REPORT   1    10 APR 2000   *  RUN                                                                   * RUN AT 13:27 ON 27 MAR 2025 
                              **************************************************************************

 UNITS  STB/DAY        

 MINIMUM VALUE =    0.0    AT (  1, 21,  1)     MAXIMUM VALUE =  301.4    AT (  1,  1,  1)                                           

 (I,  J,  K) I=  1       2       3       4       5       6       7       8       9      10      11      12      13      14      15

 (*,  1,  1)  301*4   118.0    54.0    28.5    16.9    10.9     7.5     5.3     3.8     2.8     2.1     1.6     1.2     0.9     0.7  
 (*,  2,  1)  182.3   116.8    70.3    43.2    27.8    18.7    13.1     9.4     6.9     5.1     3.8     2.9     2.3     1.8     1.4  
 (*,  3,  1)  125.6    96.8    68.0    46.7    32.4    22.9    16.5    12.1     9.0     6.8     5.2     4.0     3.1     2.5     2.0  
 (*,  4,  1)   93.1    77.6    59.7    44.4    32.7    24.2    18.0    13.6    10.3     7.9     6.1     4.8     3.8     3.0     2.5  
 (*,  5,  1)   71.6    62.1    50.5    39.7    30.7    23.6    18.1    14.0    10.9     8.5     6.6     5.3     4.2     3.4     2.9  
 (*,  6,  1)   56.2    49.8    42.1    34.4    27.6    21.9    17.3    13.7    10.8     8.6     6.9     5.5     4.5     3.7     3.1  
 (*,  7,  1)   44.5    40.1    34.8    29.3    24.2    19.7    16.0    12.9    10.4     8.4     6.8     5.6     4.6     3.9     3.3  
 (*,  8,  1)   35.4    32.4    28.6    24.6    20.8    17.3    14.3    11.8     9.7     8.0     6.6     5.5     4.6     4.0     3.4  
 (*,  9,  1)   28.2    26.1    23.4    20.5    17.6    15.0    12.6    10.6     8.8     7.4     6.2     5.3     4.5     3.9     3.5  
 (*, 10,  1)   22.4    20.9    19.0    16.9    14.8    12.8    11.0     9.3     7.9     6.8     5.8     5.0     4.4     3.9     3.5  
 (*, 11,  1)   17.8    16.7    15.4    13.8    12.3    10.8     9.4     8.1     7.0     6.1     5.3     4.6     4.1     3.7     3.4  
 (*, 12,  1)   14.0    13.3    12.3    11.3    10.1     9.0     8.0     7.0     6.2     5.4     4.8     4.3     3.9     3.5     3.3  
 (*, 13,  1)   11.0    10.5     9.8     9.1     8.3     7.5     6.7     6.0     5.3     4.8     4.3     3.9     3.6     3.3     3.1  
 (*, 14,  1)    8.5     8.2     7.8     7.3     6.7     6.1     5.6     5.0     4.6     4.1     3.8     3.5     3.2     3.0     2.9  
 (*, 15,  1)    6.6     6.4     6.1     5.8     5.4     5.0     4.6     4.2     3.8     3.5     3.2     3.0     2.9     2.8     2.7  
 (*, 16,  1)    5.0     4.9     4.7     4.5     4.2     3.9     3.7     3.4     3.1     2.9     2.7     2.6     2.5     2.4     2.4  
 (*, 17,  1)    3.7     3.7     3.6     3.4     3.2     3.0     2.9     2.7     2.5     2.3     2.2     2.1     2.0     2.0     2.1  
 (*, 18,  1)    2.7     2.6     2.6     2.5     2.3     2.2     2.1     2.0     1.8     1.7     1.7     1.6     1.6     1.6     1.7  
 (*, 19,  1)    1.7     1.7     1.7     1.6     1.5     1.5     1.4     1.3     1.2     1.2     1.1     1.1     1.1     1.1     1.2  
 (*, 20,  1)    0.8     0.8     0.8     0.8     0.8     0.7     0.7     0.6     0.6     0.6     0.6     0.5     0.5     0.6     0.6  
 (*, 21,  1)    0.0     0.0     0.0     0.0     0.0     0.0     0.0     0.0     0.0     0.0     0.0     0.0     0.0     0.0     0.0  

 (I,  J,  K) I= 16      17      18      19      20      21

 (*,  1,  1)    0.6     0.5     0.4     0.4     0.4     0.4  
 (*,  2,  1)    1.2     1.0     0.9     0.8     0.7     0.7  
 (*,  3,  1)    1.7     1.4     1.2     1.1     1.1     1.0  
 (*,  4,  1)    2.1     1.8     1.6     1.5     1.4     1.3  
 (*,  5,  1)    2.4     2.1     1.9     1.8     1.7     1.6  
 (*,  6,  1)    2.7     2.4     2.2     2.0     1.9     1.9  
 (*,  7,  1)    2.9     2.6     2.4     2.2     2.1     2.1  
 (*,  8,  1)    3.1     2.8     2.6     2.4     2.3     2.3  
 (*,  9,  1)    3.1     2.9     2.7     2.6     2.5     2.5  
 (*, 10,  1)    3.2     3.0     2.8     2.7     2.6     2.6  
 (*, 11,  1)    3.2     3.0     2.9     2.8     2.7     2.7  
 (*, 12,  1)    3.1     3.0     2.9     2.9     2.9     2.9  
 (*, 13,  1)    3.0     3.0     2.9     3.0     3.0     3.0  
 (*, 14,  1)    2.9     2.9     3.0     3.0     3.1     3.2  
 (*, 15,  1)    2.7     2.8     3.0     3.1     3.3     3.4  
 (*, 16,  1)    2.5     2.7     3.0     3.3     3.6     3.8  
 (*, 17,  1)    2.2     2.5     2.9     3.4     4.0     4.5  
 (*, 18,  1)    1.9     2.2     2.7     3.5     4.6     5.6  
 (*, 19,  1)    1.4     1.7     2.3     3.4     5.2     7.7  
 (*, 20,  1)    0.7     1.0     1.4     2.4     5.0    12.5  
 (*, 21,  1)    0.0     0.0     0.0     0.0     0.0     0*0  

 @--MESSAGE  AT TIME      100.0   DAYS    (10-APR-2000):
 @           RESTART FILE WRITTEN   REPORT     1                             
 @           RESTART INCLUDES INTERBLOCK FLOWS                               
 @                            WATER AND GAS PHASE PRESSURES                  
    55 READING END     
1                             **********************************************************************   6
  END      AT    100.00  DAYS *   ODEH PROBLEM - IMPLICIT OPTION                                       * ECLIPSE  VERSION 2024.4     
  REPORT   1    10 APR 2000   *  RUN                                                                   * RUN AT 13:27 ON 27 MAR 2025 
                              **************************************************************************
           25 Mbytes of storage required                         
      57.3281 KB/active cell                                     
           33 Mbytes (image size)                                

 Error summary 
 Comments               1
 Warnings               2
 Problems               0
 Errors                 0
 Bugs                   0
 Final cpu      23.51 elapsed      23.51
 Total number of time steps forced to be accepted          0
